# JRE version: Java(TM) SE Runtime Environment (21.0.5+9) (build 21.0.5+9-LTS-239)
# Java VM: Java HotSpot(TM) 64-Bit Server VM (21.0.5+9-LTS-239, mixed mode, sharing, tiered, compressed oops, compressed class ptrs, g1 gc, windows-amd64)
GC Precious Log:
 CardTable entry size: 512
 Card Set container configuration: InlinePtr #cards 5 size 8 Array Of Cards #cards 12 size 40 Howl #buckets 4 coarsen threshold 1843 Howl Bitmap #cards 512 size 80 coarsen threshold 460 Card regions per heap region 1 cards per card region 2048
 CPUs: 12 total, 12 available
 Memory: 7501M
 Large Page Support: Disabled
 NUMA Support: Disabled
 Compressed Oops: Enabled (32-bit)
 Heap Region Size: 1M
 Heap Min Capacity: 8M
 Heap Initial Capacity: 118M
 Heap Max Capacity: 1876M
 Pre-touch: Disabled
 Parallel Workers: 10
 Concurrent Workers: 3
 Concurrent Refinement Workers: 10
 Periodic GC: Disabled
Heap:
 garbage-first heap   total 84992K, used 53308K [0x000000008ac00000, 0x0000000100000000)
  region size 1024K, 24 young (24576K), 2 survivors (2048K)
 Metaspace       used 87398K, committed 88000K, reserved 1179648K
  class space    used 11080K, committed 11392K, reserved 1048576K
GC Heap History (20 events):
Event: 10208.247 GC heap before
{Heap before GC invocations=55 (full 0):
 garbage-first heap   total 84992K, used 77059K [0x000000008ac00000, 0x0000000100000000)
  region size 1024K, 46 young (47104K), 2 survivors (2048K)
 Metaspace       used 86118K, committed 86720K, reserved 1179648K
  class space    used 11082K, committed 11392K, reserved 1048576K
}
Event: 10208.256 GC heap after
{Heap after GC invocations=56 (full 0):
 garbage-first heap   total 84992K, used 32156K [0x000000008ac00000, 0x0000000100000000)
  region size 1024K, 2 young (2048K), 2 survivors (2048K)
 Metaspace       used 86118K, committed 86720K, reserved 1179648K
  class space    used 11082K, committed 11392K, reserved 1048576K
}
Event: 10210.101 GC heap before
{Heap before GC invocations=57 (full 0):
 garbage-first heap   total 84992K, used 77212K [0x000000008ac00000, 0x0000000100000000)
  region size 1024K, 46 young (47104K), 2 survivors (2048K)
 Metaspace       used 86514K, committed 87168K, reserved 1179648K
  class space    used 11083K, committed 11392K, reserved 1048576K
}
Event: 10210.104 GC heap after
{Heap after GC invocations=58 (full 0):
 garbage-first heap   total 84992K, used 32215K [0x000000008ac00000, 0x0000000100000000)
  region size 1024K, 2 young (2048K), 2 survivors (2048K)
 Metaspace       used 86514K, committed 87168K, reserved 1179648K
  class space    used 11083K, committed 11392K, reserved 1048576K
}
Event: 10211.874 GC heap before
{Heap before GC invocations=58 (full 0):
 garbage-first heap   total 84992K, used 76247K [0x000000008ac00000, 0x0000000100000000)
  region size 1024K, 46 young (47104K), 2 survivors (2048K)
 Metaspace       used 87185K, committed 87808K, reserved 1179648K
  class space    used 11084K, committed 11392K, reserved 1048576K
}
Event: 10211.882 GC heap after
{Heap after GC invocations=59 (full 0):
 garbage-first heap   total 84992K, used 32184K [0x000000008ac00000, 0x0000000100000000)
  region size 1024K, 2 young (2048K), 2 survivors (2048K)
 Metaspace       used 87185K, committed 87808K, reserved 1179648K
  class space    used 11084K, committed 11392K, reserved 1048576K
}
Event: 10213.995 GC heap before
{Heap before GC invocations=59 (full 0):
 garbage-first heap   total 84992K, used 77240K [0x000000008ac00000, 0x0000000100000000)
  region size 1024K, 46 young (47104K), 2 survivors (2048K)
 Metaspace       used 87315K, committed 87936K, reserved 1179648K
  class space    used 11084K, committed 11392K, reserved 1048576K
}
Event: 10213.997 GC heap after
{Heap after GC invocations=60 (full 0):
 garbage-first heap   total 84992K, used 32141K [0x000000008ac00000, 0x0000000100000000)
  region size 1024K, 2 young (2048K), 2 survivors (2048K)
 Metaspace       used 87315K, committed 87936K, reserved 1179648K
  class space    used 11084K, committed 11392K, reserved 1048576K
}
Event: 10216.080 GC heap before
{Heap before GC invocations=61 (full 0):
 garbage-first heap   total 84992K, used 76173K [0x000000008ac00000, 0x0000000100000000)
  region size 1024K, 46 young (47104K), 2 survivors (2048K)
 Metaspace       used 87302K, committed 87936K, reserved 1179648K
  class space    used 11078K, committed 11392K, reserved 1048576K
}
Event: 10216.084 GC heap after
{Heap after GC invocations=62 (full 0):
 garbage-first heap   total 84992K, used 32168K [0x000000008ac00000, 0x0000000100000000)
  region size 1024K, 2 young (2048K), 2 survivors (2048K)
 Metaspace       used 87302K, committed 87936K, reserved 1179648K
  class space    used 11078K, committed 11392K, reserved 1048576K
}
Event: 10218.309 GC heap before
{Heap before GC invocations=62 (full 0):
 garbage-first heap   total 84992K, used 77224K [0x000000008ac00000, 0x0000000100000000)
  region size 1024K, 46 young (47104K), 2 survivors (2048K)
 Metaspace       used 87309K, committed 87936K, reserved 1179648K
  class space    used 11078K, committed 11392K, reserved 1048576K
}
Event: 10218.318 GC heap after
{Heap after GC invocations=63 (full 0):
 garbage-first heap   total 84992K, used 32021K [0x000000008ac00000, 0x0000000100000000)
  region size 1024K, 2 young (2048K), 2 survivors (2048K)
 Metaspace       used 87309K, committed 87936K, reserved 1179648K
  class space    used 11078K, committed 11392K, reserved 1048576K
}
Event: 10221.068 GC heap before
{Heap before GC invocations=63 (full 0):
 garbage-first heap   total 84992K, used 76053K [0x000000008ac00000, 0x0000000100000000)
  region size 1024K, 46 young (47104K), 2 survivors (2048K)
 Metaspace       used 87327K, committed 87936K, reserved 1179648K
  class space    used 11080K, committed 11392K, reserved 1048576K
}
Event: 10221.072 GC heap after
{Heap after GC invocations=64 (full 0):
 garbage-first heap   total 84992K, used 32017K [0x000000008ac00000, 0x0000000100000000)
  region size 1024K, 2 young (2048K), 2 survivors (2048K)
 Metaspace       used 87327K, committed 87936K, reserved 1179648K
  class space    used 11080K, committed 11392K, reserved 1048576K
}
Event: 10223.470 GC heap before
{Heap before GC invocations=65 (full 0):
 garbage-first heap   total 84992K, used 76049K [0x000000008ac00000, 0x0000000100000000)
  region size 1024K, 46 young (47104K), 2 survivors (2048K)
 Metaspace       used 87364K, committed 88000K, reserved 1179648K
  class space    used 11081K, committed 11392K, reserved 1048576K
}
Event: 10223.473 GC heap after
{Heap after GC invocations=66 (full 0):
 garbage-first heap   total 84992K, used 32022K [0x000000008ac00000, 0x0000000100000000)
  region size 1024K, 2 young (2048K), 2 survivors (2048K)
 Metaspace       used 87364K, committed 88000K, reserved 1179648K
  class space    used 11081K, committed 11392K, reserved 1048576K
}
Event: 10225.771 GC heap before
{Heap before GC invocations=66 (full 0):
 garbage-first heap   total 84992K, used 77078K [0x000000008ac00000, 0x0000000100000000)
  region size 1024K, 46 young (47104K), 2 survivors (2048K)
 Metaspace       used 87396K, committed 88000K, reserved 1179648K
  class space    used 11081K, committed 11392K, reserved 1048576K
}
Event: 10225.775 GC heap after
{Heap after GC invocations=67 (full 0):
 garbage-first heap   total 84992K, used 31838K [0x000000008ac00000, 0x0000000100000000)
  region size 1024K, 2 young (2048K), 2 survivors (2048K)
 Metaspace       used 87396K, committed 88000K, reserved 1179648K
  class space    used 11081K, committed 11392K, reserved 1048576K
}
Event: 10228.087 GC heap before
{Heap before GC invocations=67 (full 0):
 garbage-first heap   total 84992K, used 75870K [0x000000008ac00000, 0x0000000100000000)
  region size 1024K, 46 young (47104K), 2 survivors (2048K)
 Metaspace       used 87401K, committed 88000K, reserved 1179648K
  class space    used 11081K, committed 11392K, reserved 1048576K
}
Event: 10228.091 GC heap after
{Heap after GC invocations=68 (full 0):
 garbage-first heap   total 84992K, used 31804K [0x000000008ac00000, 0x0000000100000000)
  region size 1024K, 2 young (2048K), 2 survivors (2048K)
 Metaspace       used 87401K, committed 88000K, reserved 1179648K
  class space    used 11081K, committed 11392K, reserved 1048576K
}

